{"/Users/admin/apps/cbh-take-home-staffing/src/Domains/Agents/Data Model/Agent.ts": {"path":"/Users/admin/apps/cbh-take-home-staffing/src/Domains/Agents/Data Model/Agent.ts","statementMap":{"0":{"start":{"line":3,"column":0},"end":{"line":3,"column":45}},"1":{"start":{"line":9,"column":4},"end":{"line":9,"column":22}},"2":{"start":{"line":10,"column":4},"end":{"line":10,"column":73}},"3":{"start":{"line":14,"column":4},"end":{"line":14,"column":22}},"4":{"start":{"line":18,"column":4},"end":{"line":18,"column":22}},"5":{"start":{"line":22,"column":4},"end":{"line":22,"column":20}},"6":{"start":{"line":26,"column":4},"end":{"line":29,"column":6}},"7":{"start":{"line":5,"column":0},"end":{"line":5,"column":13}}},"fnMap":{"0":{"name":"(anonymous_0)","decl":{"start":{"line":8,"column":2},"end":{"line":8,"column":14}},"loc":{"start":{"line":8,"column":57},"end":{"line":11,"column":3}}},"1":{"name":"(anonymous_1)","decl":{"start":{"line":13,"column":2},"end":{"line":13,"column":13}},"loc":{"start":{"line":13,"column":17},"end":{"line":15,"column":3}}},"2":{"name":"(anonymous_2)","decl":{"start":{"line":17,"column":2},"end":{"line":17,"column":13}},"loc":{"start":{"line":17,"column":22},"end":{"line":19,"column":3}}},"3":{"name":"(anonymous_3)","decl":{"start":{"line":21,"column":2},"end":{"line":21,"column":13}},"loc":{"start":{"line":21,"column":15},"end":{"line":23,"column":3}}},"4":{"name":"(anonymous_4)","decl":{"start":{"line":25,"column":9},"end":{"line":25,"column":18}},"loc":{"start":{"line":25,"column":18},"end":{"line":30,"column":3}}}},"branchMap":{"0":{"loc":{"start":{"line":10,"column":15},"end":{"line":10,"column":72}},"type":"cond-expr","locations":[{"start":{"line":10,"column":20},"end":{"line":10,"column":45}},{"start":{"line":10,"column":48},"end":{"line":10,"column":72}}]}},"s":{"0":2,"1":11,"2":11,"3":8,"4":3,"5":10,"6":7,"7":2},"f":{"0":11,"1":8,"2":3,"3":10,"4":7},"b":{"0":[7,4]}}
,"/Users/admin/apps/cbh-take-home-staffing/src/Domains/Agents/Data Repository/AgentInMemoryDataRepository.ts": {"path":"/Users/admin/apps/cbh-take-home-staffing/src/Domains/Agents/Data Repository/AgentInMemoryDataRepository.ts","statementMap":{"0":{"start":{"line":2,"column":0},"end":{"line":2,"column":69}},"1":{"start":{"line":14,"column":4},"end":{"line":14,"column":37}},"2":{"start":{"line":15,"column":4},"end":{"line":15,"column":29}},"3":{"start":{"line":19,"column":4},"end":{"line":19,"column":46}},"4":{"start":{"line":20,"column":4},"end":{"line":20,"column":16}},"5":{"start":{"line":24,"column":4},"end":{"line":24,"column":41}},"6":{"start":{"line":25,"column":4},"end":{"line":25,"column":16}},"7":{"start":{"line":29,"column":4},"end":{"line":29,"column":33}},"8":{"start":{"line":33,"column":4},"end":{"line":33,"column":30}},"9":{"start":{"line":37,"column":4},"end":{"line":39,"column":null}},"10":{"start":{"line":38,"column":6},"end":{"line":38,"column":53}},"11":{"start":{"line":40,"column":20},"end":{"line":40,"column":22}},"12":{"start":{"line":41,"column":16},"end":{"line":41,"column":17}},"13":{"start":{"line":42,"column":18},"end":{"line":42,"column":33}},"14":{"start":{"line":43,"column":4},"end":{"line":43,"column":42}},"15":{"start":{"line":44,"column":4},"end":{"line":46,"column":null}},"16":{"start":{"line":45,"column":6},"end":{"line":45,"column":81}},"17":{"start":{"line":48,"column":20},"end":{"line":48,"column":52}},"18":{"start":{"line":49,"column":19},"end":{"line":49,"column":20}},"19":{"start":{"line":51,"column":4},"end":{"line":59,"column":null}},"20":{"start":{"line":53,"column":6},"end":{"line":53,"column":30}},"21":{"start":{"line":54,"column":6},"end":{"line":58,"column":null}},"22":{"start":{"line":55,"column":8},"end":{"line":57,"column":null}},"23":{"start":{"line":56,"column":10},"end":{"line":56,"column":30}},"24":{"start":{"line":60,"column":4},"end":{"line":60,"column":36}},"25":{"start":{"line":10,"column":0},"end":{"line":10,"column":13}}},"fnMap":{"0":{"name":"(anonymous_0)","decl":{"start":{"line":13,"column":2},"end":{"line":13,"column":14}},"loc":{"start":{"line":13,"column":28},"end":{"line":16,"column":3}}},"1":{"name":"(anonymous_1)","decl":{"start":{"line":18,"column":9},"end":{"line":18,"column":15}},"loc":{"start":{"line":18,"column":28},"end":{"line":21,"column":3}}},"2":{"name":"(anonymous_2)","decl":{"start":{"line":23,"column":9},"end":{"line":23,"column":15}},"loc":{"start":{"line":23,"column":40},"end":{"line":26,"column":3}}},"3":{"name":"(anonymous_3)","decl":{"start":{"line":28,"column":9},"end":{"line":28,"column":15}},"loc":{"start":{"line":28,"column":26},"end":{"line":30,"column":3}}},"4":{"name":"(anonymous_4)","decl":{"start":{"line":32,"column":9},"end":{"line":32,"column":19}},"loc":{"start":{"line":32,"column":30},"end":{"line":34,"column":3}}},"5":{"name":"(anonymous_5)","decl":{"start":{"line":36,"column":9},"end":{"line":36,"column":15}},"loc":{"start":{"line":36,"column":24},"end":{"line":61,"column":3}}}},"branchMap":{"0":{"loc":{"start":{"line":15,"column":17},"end":{"line":15,"column":28}},"type":"binary-expr","locations":[{"start":{"line":15,"column":17},"end":{"line":15,"column":22}},{"start":{"line":15,"column":26},"end":{"line":15,"column":28}}]},"1":{"loc":{"start":{"line":36,"column":16},"end":{"line":36,"column":24}},"type":"default-arg","locations":[{"start":{"line":36,"column":23},"end":{"line":36,"column":24}}]},"2":{"loc":{"start":{"line":37,"column":4},"end":{"line":39,"column":null}},"type":"if","locations":[{"start":{"line":37,"column":4},"end":{"line":39,"column":null}}]},"3":{"loc":{"start":{"line":44,"column":4},"end":{"line":46,"column":null}},"type":"if","locations":[{"start":{"line":44,"column":4},"end":{"line":46,"column":null}}]},"4":{"loc":{"start":{"line":54,"column":6},"end":{"line":58,"column":null}},"type":"if","locations":[{"start":{"line":54,"column":6},"end":{"line":58,"column":null}}]},"5":{"loc":{"start":{"line":55,"column":8},"end":{"line":57,"column":null}},"type":"if","locations":[{"start":{"line":55,"column":8},"end":{"line":57,"column":null}}]}},"s":{"0":1,"1":2,"2":2,"3":4,"4":4,"5":1,"6":1,"7":1,"8":4,"9":5,"10":1,"11":4,"12":4,"13":4,"14":4,"15":4,"16":1,"17":3,"18":3,"19":3,"20":9,"21":9,"22":7,"23":7,"24":3,"25":1},"f":{"0":2,"1":4,"2":1,"3":1,"4":4,"5":5},"b":{"0":[2,1],"1":[1],"2":[1],"3":[1],"4":[7],"5":[7]}}
,"/Users/admin/apps/cbh-take-home-staffing/src/Domains/Facilities/Data Model/Facility.ts": {"path":"/Users/admin/apps/cbh-take-home-staffing/src/Domains/Facilities/Data Model/Facility.ts","statementMap":{"0":{"start":{"line":2,"column":0},"end":{"line":2,"column":45}},"1":{"start":{"line":9,"column":4},"end":{"line":9,"column":22}},"2":{"start":{"line":10,"column":4},"end":{"line":10,"column":73}},"3":{"start":{"line":14,"column":4},"end":{"line":14,"column":22}},"4":{"start":{"line":18,"column":4},"end":{"line":18,"column":22}},"5":{"start":{"line":22,"column":4},"end":{"line":22,"column":20}},"6":{"start":{"line":26,"column":4},"end":{"line":29,"column":6}},"7":{"start":{"line":5,"column":0},"end":{"line":5,"column":13}}},"fnMap":{"0":{"name":"(anonymous_0)","decl":{"start":{"line":8,"column":2},"end":{"line":8,"column":14}},"loc":{"start":{"line":8,"column":57},"end":{"line":11,"column":3}}},"1":{"name":"(anonymous_1)","decl":{"start":{"line":13,"column":2},"end":{"line":13,"column":13}},"loc":{"start":{"line":13,"column":17},"end":{"line":15,"column":3}}},"2":{"name":"(anonymous_2)","decl":{"start":{"line":17,"column":2},"end":{"line":17,"column":13}},"loc":{"start":{"line":17,"column":22},"end":{"line":19,"column":3}}},"3":{"name":"(anonymous_3)","decl":{"start":{"line":21,"column":2},"end":{"line":21,"column":13}},"loc":{"start":{"line":21,"column":15},"end":{"line":23,"column":3}}},"4":{"name":"(anonymous_4)","decl":{"start":{"line":25,"column":9},"end":{"line":25,"column":18}},"loc":{"start":{"line":25,"column":18},"end":{"line":30,"column":3}}}},"branchMap":{"0":{"loc":{"start":{"line":10,"column":15},"end":{"line":10,"column":72}},"type":"cond-expr","locations":[{"start":{"line":10,"column":20},"end":{"line":10,"column":45}},{"start":{"line":10,"column":48},"end":{"line":10,"column":72}}]}},"s":{"0":2,"1":11,"2":11,"3":8,"4":3,"5":10,"6":7,"7":2},"f":{"0":11,"1":8,"2":3,"3":10,"4":7},"b":{"0":[7,4]}}
,"/Users/admin/apps/cbh-take-home-staffing/src/Domains/Facilities/Data Repository/FacilityInMemoryDataRepository.ts": {"path":"/Users/admin/apps/cbh-take-home-staffing/src/Domains/Facilities/Data Repository/FacilityInMemoryDataRepository.ts","statementMap":{"0":{"start":{"line":2,"column":0},"end":{"line":2,"column":69}},"1":{"start":{"line":14,"column":4},"end":{"line":14,"column":40}},"2":{"start":{"line":15,"column":4},"end":{"line":15,"column":29}},"3":{"start":{"line":19,"column":4},"end":{"line":19,"column":46}},"4":{"start":{"line":20,"column":4},"end":{"line":20,"column":16}},"5":{"start":{"line":24,"column":4},"end":{"line":24,"column":41}},"6":{"start":{"line":25,"column":4},"end":{"line":25,"column":16}},"7":{"start":{"line":29,"column":4},"end":{"line":29,"column":33}},"8":{"start":{"line":33,"column":4},"end":{"line":33,"column":30}},"9":{"start":{"line":37,"column":4},"end":{"line":39,"column":null}},"10":{"start":{"line":38,"column":6},"end":{"line":38,"column":53}},"11":{"start":{"line":40,"column":20},"end":{"line":40,"column":22}},"12":{"start":{"line":41,"column":16},"end":{"line":41,"column":17}},"13":{"start":{"line":42,"column":18},"end":{"line":42,"column":33}},"14":{"start":{"line":43,"column":4},"end":{"line":43,"column":42}},"15":{"start":{"line":44,"column":4},"end":{"line":46,"column":null}},"16":{"start":{"line":45,"column":6},"end":{"line":45,"column":81}},"17":{"start":{"line":48,"column":20},"end":{"line":48,"column":52}},"18":{"start":{"line":49,"column":19},"end":{"line":49,"column":20}},"19":{"start":{"line":51,"column":4},"end":{"line":59,"column":null}},"20":{"start":{"line":53,"column":6},"end":{"line":53,"column":30}},"21":{"start":{"line":54,"column":6},"end":{"line":58,"column":null}},"22":{"start":{"line":55,"column":8},"end":{"line":57,"column":null}},"23":{"start":{"line":56,"column":10},"end":{"line":56,"column":30}},"24":{"start":{"line":60,"column":4},"end":{"line":60,"column":36}},"25":{"start":{"line":10,"column":0},"end":{"line":10,"column":13}}},"fnMap":{"0":{"name":"(anonymous_0)","decl":{"start":{"line":13,"column":2},"end":{"line":13,"column":14}},"loc":{"start":{"line":13,"column":28},"end":{"line":16,"column":3}}},"1":{"name":"(anonymous_1)","decl":{"start":{"line":18,"column":9},"end":{"line":18,"column":15}},"loc":{"start":{"line":18,"column":31},"end":{"line":21,"column":3}}},"2":{"name":"(anonymous_2)","decl":{"start":{"line":23,"column":9},"end":{"line":23,"column":15}},"loc":{"start":{"line":23,"column":43},"end":{"line":26,"column":3}}},"3":{"name":"(anonymous_3)","decl":{"start":{"line":28,"column":9},"end":{"line":28,"column":15}},"loc":{"start":{"line":28,"column":26},"end":{"line":30,"column":3}}},"4":{"name":"(anonymous_4)","decl":{"start":{"line":32,"column":9},"end":{"line":32,"column":19}},"loc":{"start":{"line":32,"column":30},"end":{"line":34,"column":3}}},"5":{"name":"(anonymous_5)","decl":{"start":{"line":36,"column":9},"end":{"line":36,"column":15}},"loc":{"start":{"line":36,"column":24},"end":{"line":61,"column":3}}}},"branchMap":{"0":{"loc":{"start":{"line":15,"column":17},"end":{"line":15,"column":28}},"type":"binary-expr","locations":[{"start":{"line":15,"column":17},"end":{"line":15,"column":22}},{"start":{"line":15,"column":26},"end":{"line":15,"column":28}}]},"1":{"loc":{"start":{"line":36,"column":16},"end":{"line":36,"column":24}},"type":"default-arg","locations":[{"start":{"line":36,"column":23},"end":{"line":36,"column":24}}]},"2":{"loc":{"start":{"line":37,"column":4},"end":{"line":39,"column":null}},"type":"if","locations":[{"start":{"line":37,"column":4},"end":{"line":39,"column":null}}]},"3":{"loc":{"start":{"line":44,"column":4},"end":{"line":46,"column":null}},"type":"if","locations":[{"start":{"line":44,"column":4},"end":{"line":46,"column":null}}]},"4":{"loc":{"start":{"line":54,"column":6},"end":{"line":58,"column":null}},"type":"if","locations":[{"start":{"line":54,"column":6},"end":{"line":58,"column":null}}]},"5":{"loc":{"start":{"line":55,"column":8},"end":{"line":57,"column":null}},"type":"if","locations":[{"start":{"line":55,"column":8},"end":{"line":57,"column":null}}]}},"s":{"0":1,"1":2,"2":2,"3":4,"4":4,"5":1,"6":1,"7":1,"8":4,"9":5,"10":1,"11":4,"12":4,"13":4,"14":4,"15":4,"16":1,"17":3,"18":3,"19":3,"20":9,"21":9,"22":7,"23":7,"24":3,"25":1},"f":{"0":2,"1":4,"2":1,"3":1,"4":4,"5":5},"b":{"0":[2,1],"1":[1],"2":[1],"3":[1],"4":[7],"5":[7]}}
,"/Users/admin/apps/cbh-take-home-staffing/src/infra/Database Clients/InMemory.ts": {"path":"/Users/admin/apps/cbh-take-home-staffing/src/infra/Database Clients/InMemory.ts","statementMap":{"0":{"start":{"line":1,"column":13},"end":{"line":8,"column":5}},"1":{"start":{"line":2,"column":55},"end":{"line":6,"column":4}},"2":{"start":{"line":7,"column":2},"end":{"line":7,"column":16}}},"fnMap":{"0":{"name":"(anonymous_0)","decl":{"start":{"line":1,"column":30},"end":{"line":1,"column":71}},"loc":{"start":{"line":1,"column":73},"end":{"line":8,"column":1}}}},"branchMap":{},"s":{"0":2,"1":2,"2":2},"f":{"0":2},"b":{}}
,"/Users/admin/apps/cbh-take-home-staffing/src/infra/utils/UUID/index.ts": {"path":"/Users/admin/apps/cbh-take-home-staffing/src/infra/utils/UUID/index.ts","statementMap":{"0":{"start":{"line":1,"column":0},"end":{"line":1,"column":54}},"1":{"start":{"line":7,"column":4},"end":{"line":15,"column":null}},"2":{"start":{"line":8,"column":6},"end":{"line":12,"column":null}},"3":{"start":{"line":9,"column":8},"end":{"line":9,"column":41}},"4":{"start":{"line":11,"column":8},"end":{"line":11,"column":29}},"5":{"start":{"line":14,"column":6},"end":{"line":14,"column":38}},"6":{"start":{"line":19,"column":4},"end":{"line":19,"column":22}},"7":{"start":{"line":23,"column":4},"end":{"line":23,"column":26}},"8":{"start":{"line":27,"column":4},"end":{"line":27,"column":21}},"9":{"start":{"line":3,"column":0},"end":{"line":3,"column":13}}},"fnMap":{"0":{"name":"(anonymous_0)","decl":{"start":{"line":6,"column":2},"end":{"line":6,"column":22}},"loc":{"start":{"line":6,"column":33},"end":{"line":16,"column":3}}},"1":{"name":"(anonymous_1)","decl":{"start":{"line":18,"column":9},"end":{"line":18,"column":15}},"loc":{"start":{"line":18,"column":22},"end":{"line":20,"column":3}}},"2":{"name":"(anonymous_2)","decl":{"start":{"line":22,"column":9},"end":{"line":22,"column":15}},"loc":{"start":{"line":22,"column":34},"end":{"line":24,"column":3}}},"3":{"name":"(anonymous_3)","decl":{"start":{"line":26,"column":9},"end":{"line":26,"column":17}},"loc":{"start":{"line":26,"column":17},"end":{"line":28,"column":3}}}},"branchMap":{"0":{"loc":{"start":{"line":8,"column":6},"end":{"line":12,"column":null}},"type":"if","locations":[{"start":{"line":8,"column":6},"end":{"line":12,"column":null}},{"start":{"line":10,"column":13},"end":{"line":12,"column":null}}]}},"s":{"0":4,"1":22,"2":22,"3":14,"4":8,"5":2,"6":8,"7":14,"8":20,"9":4},"f":{"0":22,"1":8,"2":14,"3":20},"b":{"0":[14,8]}}
,"/Users/admin/apps/cbh-take-home-staffing/tests/Domains/Agents/Payloads/create.ts": {"path":"/Users/admin/apps/cbh-take-home-staffing/tests/Domains/Agents/Payloads/create.ts","statementMap":{"0":{"start":{"line":1,"column":13},"end":{"line":3,"column":2}}},"fnMap":{},"branchMap":{},"s":{"0":1},"f":{},"b":{}}
,"/Users/admin/apps/cbh-take-home-staffing/tests/Domains/Agents/Payloads/seed.ts": {"path":"/Users/admin/apps/cbh-take-home-staffing/tests/Domains/Agents/Payloads/seed.ts","statementMap":{"0":{"start":{"line":1,"column":13},"end":{"line":10,"column":2}}},"fnMap":{},"branchMap":{},"s":{"0":1},"f":{},"b":{}}
,"/Users/admin/apps/cbh-take-home-staffing/tests/Domains/Agents/Payloads/update.ts": {"path":"/Users/admin/apps/cbh-take-home-staffing/tests/Domains/Agents/Payloads/update.ts","statementMap":{"0":{"start":{"line":1,"column":13},"end":{"line":4,"column":2}}},"fnMap":{},"branchMap":{},"s":{"0":1},"f":{},"b":{}}
,"/Users/admin/apps/cbh-take-home-staffing/tests/Domains/Facilities/Payloads/create.ts": {"path":"/Users/admin/apps/cbh-take-home-staffing/tests/Domains/Facilities/Payloads/create.ts","statementMap":{"0":{"start":{"line":1,"column":13},"end":{"line":3,"column":2}}},"fnMap":{},"branchMap":{},"s":{"0":1},"f":{},"b":{}}
,"/Users/admin/apps/cbh-take-home-staffing/tests/Domains/Facilities/Payloads/seed.ts": {"path":"/Users/admin/apps/cbh-take-home-staffing/tests/Domains/Facilities/Payloads/seed.ts","statementMap":{"0":{"start":{"line":1,"column":13},"end":{"line":10,"column":2}}},"fnMap":{},"branchMap":{},"s":{"0":1},"f":{},"b":{}}
,"/Users/admin/apps/cbh-take-home-staffing/tests/Domains/Facilities/Payloads/update.ts": {"path":"/Users/admin/apps/cbh-take-home-staffing/tests/Domains/Facilities/Payloads/update.ts","statementMap":{"0":{"start":{"line":1,"column":13},"end":{"line":4,"column":2}}},"fnMap":{},"branchMap":{},"s":{"0":1},"f":{},"b":{}}
}
