TN:
SF:src/Domains/Agents/Data Model/Agent.ts
FN:8,(anonymous_0)
FN:13,(anonymous_1)
FN:17,(anonymous_2)
FN:21,(anonymous_3)
FN:25,(anonymous_4)
FNF:5
FNH:5
FNDA:11,(anonymous_0)
FNDA:8,(anonymous_1)
FNDA:3,(anonymous_2)
FNDA:10,(anonymous_3)
FNDA:7,(anonymous_4)
DA:3,2
DA:5,2
DA:9,11
DA:10,11
DA:14,8
DA:18,3
DA:22,10
DA:26,7
LF:8
LH:8
BRDA:10,0,0,7
BRDA:10,0,1,4
BRF:2
BRH:2
end_of_record
TN:
SF:src/Domains/Agents/Data Repository/AgentInMemoryDataRepository.ts
FN:13,(anonymous_0)
FN:18,(anonymous_1)
FN:23,(anonymous_2)
FN:28,(anonymous_3)
FN:32,(anonymous_4)
FN:36,(anonymous_5)
FNF:6
FNH:6
FNDA:2,(anonymous_0)
FNDA:4,(anonymous_1)
FNDA:1,(anonymous_2)
FNDA:1,(anonymous_3)
FNDA:4,(anonymous_4)
FNDA:5,(anonymous_5)
DA:2,1
DA:10,1
DA:14,2
DA:15,2
DA:19,4
DA:20,4
DA:24,1
DA:25,1
DA:29,1
DA:33,4
DA:37,5
DA:38,1
DA:40,4
DA:41,4
DA:42,4
DA:43,4
DA:44,4
DA:45,1
DA:48,3
DA:49,3
DA:51,3
DA:53,9
DA:54,9
DA:55,7
DA:56,7
DA:60,3
LF:26
LH:26
BRDA:15,0,0,2
BRDA:15,0,1,1
BRDA:36,1,0,1
BRDA:37,2,0,1
BRDA:44,3,0,1
BRDA:54,4,0,7
BRDA:55,5,0,7
BRF:7
BRH:7
end_of_record
TN:
SF:src/Domains/Facilities/Data Model/Facility.ts
FN:8,(anonymous_0)
FN:13,(anonymous_1)
FN:17,(anonymous_2)
FN:21,(anonymous_3)
FN:25,(anonymous_4)
FNF:5
FNH:5
FNDA:11,(anonymous_0)
FNDA:8,(anonymous_1)
FNDA:3,(anonymous_2)
FNDA:10,(anonymous_3)
FNDA:7,(anonymous_4)
DA:2,2
DA:5,2
DA:9,11
DA:10,11
DA:14,8
DA:18,3
DA:22,10
DA:26,7
LF:8
LH:8
BRDA:10,0,0,7
BRDA:10,0,1,4
BRF:2
BRH:2
end_of_record
TN:
SF:src/Domains/Facilities/Data Repository/FacilityInMemoryDataRepository.ts
FN:13,(anonymous_0)
FN:18,(anonymous_1)
FN:23,(anonymous_2)
FN:28,(anonymous_3)
FN:32,(anonymous_4)
FN:36,(anonymous_5)
FNF:6
FNH:6
FNDA:2,(anonymous_0)
FNDA:4,(anonymous_1)
FNDA:1,(anonymous_2)
FNDA:1,(anonymous_3)
FNDA:4,(anonymous_4)
FNDA:5,(anonymous_5)
DA:2,1
DA:10,1
DA:14,2
DA:15,2
DA:19,4
DA:20,4
DA:24,1
DA:25,1
DA:29,1
DA:33,4
DA:37,5
DA:38,1
DA:40,4
DA:41,4
DA:42,4
DA:43,4
DA:44,4
DA:45,1
DA:48,3
DA:49,3
DA:51,3
DA:53,9
DA:54,9
DA:55,7
DA:56,7
DA:60,3
LF:26
LH:26
BRDA:15,0,0,2
BRDA:15,0,1,1
BRDA:36,1,0,1
BRDA:37,2,0,1
BRDA:44,3,0,1
BRDA:54,4,0,7
BRDA:55,5,0,7
BRF:7
BRH:7
end_of_record
TN:
SF:src/infra/Database Clients/InMemory.ts
FN:1,(anonymous_0)
FNF:1
FNH:1
FNDA:2,(anonymous_0)
DA:1,2
DA:2,2
DA:7,2
LF:3
LH:3
BRF:0
BRH:0
end_of_record
TN:
SF:src/infra/utils/UUID/index.ts
FN:6,(anonymous_0)
FN:18,(anonymous_1)
FN:22,(anonymous_2)
FN:26,(anonymous_3)
FNF:4
FNH:4
FNDA:22,(anonymous_0)
FNDA:8,(anonymous_1)
FNDA:14,(anonymous_2)
FNDA:20,(anonymous_3)
DA:1,4
DA:3,4
DA:7,22
DA:8,22
DA:9,14
DA:11,8
DA:14,2
DA:19,8
DA:23,14
DA:27,20
LF:10
LH:10
BRDA:8,0,0,14
BRDA:8,0,1,8
BRF:2
BRH:2
end_of_record
TN:
SF:tests/Domains/Agents/Payloads/create.ts
FNF:0
FNH:0
DA:1,1
LF:1
LH:1
BRF:0
BRH:0
end_of_record
TN:
SF:tests/Domains/Agents/Payloads/seed.ts
FNF:0
FNH:0
DA:1,1
LF:1
LH:1
BRF:0
BRH:0
end_of_record
TN:
SF:tests/Domains/Agents/Payloads/update.ts
FNF:0
FNH:0
DA:1,1
LF:1
LH:1
BRF:0
BRH:0
end_of_record
TN:
SF:tests/Domains/Facilities/Payloads/create.ts
FNF:0
FNH:0
DA:1,1
LF:1
LH:1
BRF:0
BRH:0
end_of_record
TN:
SF:tests/Domains/Facilities/Payloads/seed.ts
FNF:0
FNH:0
DA:1,1
LF:1
LH:1
BRF:0
BRH:0
end_of_record
TN:
SF:tests/Domains/Facilities/Payloads/update.ts
FNF:0
FNH:0
DA:1,1
LF:1
LH:1
BRF:0
BRH:0
end_of_record
